# JRE version: OpenJDK Runtime Environment (8.0_92-b14) (build 1.8.0_92-b14)
# Java VM: OpenJDK 64-Bit Server VM (25.92-b14 mixed mode linux-amd64 compressed oops)
Heap:
 PSYoungGen      total 255488K, used 146041K [0x00000000d7100000, 0x00000000f4a00000, 0x0000000100000000)
  eden space 32256K, 0% used [0x00000000d7100000,0x00000000d7100000,0x00000000d9080000)
  from space 223232K, 65% used [0x00000000d9080000,0x00000000e1f1e7c0,0x00000000e6a80000)
  to   space 223232K, 0% used [0x00000000e7000000,0x00000000e7000000,0x00000000f4a00000)
 ParOldGen       total 829952K, used 745361K [0x0000000085200000, 0x00000000b7c80000, 0x00000000d7100000)
  object space 829952K, 89% used [0x0000000085200000,0x00000000b29e47a8,0x00000000b7c80000)
 Metaspace       used 8484K, capacity 8692K, committed 8960K, reserved 1056768K
  class space    used 942K, capacity 1004K, committed 1024K, reserved 1048576K
GC Heap History (10 events):
Event: 31.756 GC heap after
Heap after GC invocations=85 (full 8):
 PSYoungGen      total 247296K, used 221497K [0x00000000d7100000, 0x00000000f4000000, 0x0000000100000000)
  eden space 24064K, 0% used [0x00000000d7100000,0x00000000d7100000,0x00000000d8880000)
  from space 223232K, 99% used [0x00000000d8880000,0x00000000e60ce460,0x00000000e6280000)
  to   space 223232K, 0% used [0x00000000e6600000,0x00000000e6600000,0x00000000f4000000)
 ParOldGen       total 829952K, used 566906K [0x0000000085200000, 0x00000000b7c80000, 0x00000000d7100000)
  object space 829952K, 68% used [0x0000000085200000,0x00000000a7b9eae8,0x00000000b7c80000)
 Metaspace       used 8484K, capacity 8692K, committed 8960K, reserved 1056768K
  class space    used 942K, capacity 1004K, committed 1024K, reserved 1048576K
}
Event: 31.767 GC heap before
{Heap before GC invocations=86 (full 8):
 PSYoungGen      total 247296K, used 245561K [0x00000000d7100000, 0x00000000f4000000, 0x0000000100000000)
  eden space 24064K, 100% used [0x00000000d7100000,0x00000000d8880000,0x00000000d8880000)
  from space 223232K, 99% used [0x00000000d8880000,0x00000000e60ce460,0x00000000e6280000)
  to   space 223232K, 0% used [0x00000000e6600000,0x00000000e6600000,0x00000000f4000000)
 ParOldGen       total 829952K, used 566906K [0x0000000085200000, 0x00000000b7c80000, 0x00000000d7100000)
  object space 829952K, 68% used [0x0000000085200000,0x00000000a7b9eae8,0x00000000b7c80000)
 Metaspace       used 8484K, capacity 8692K, committed 8960K, reserved 1056768K
  class space    used 942K, capacity 1004K, committed 1024K, reserved 1048576K
Event: 31.875 GC heap after
Heap after GC invocations=86 (full 8):
 PSYoungGen      total 250880K, used 223210K [0x00000000d7100000, 0x00000000f4080000, 0x0000000100000000)
  eden space 27648K, 0% used [0x00000000d7100000,0x00000000d7100000,0x00000000d8c00000)
  from space 223232K, 99% used [0x00000000e6600000,0x00000000f3ffaa50,0x00000000f4000000)
  to   space 223232K, 0% used [0x00000000d8c00000,0x00000000d8c00000,0x00000000e6600000)
 ParOldGen       total 829952K, used 587362K [0x0000000085200000, 0x00000000b7c80000, 0x00000000d7100000)
  object space 829952K, 70% used [0x0000000085200000,0x00000000a8f98ae8,0x00000000b7c80000)
 Metaspace       used 8484K, capacity 8692K, committed 8960K, reserved 1056768K
  class space    used 942K, capacity 1004K, committed 1024K, reserved 1048576K
}
Event: 31.887 GC heap before
{Heap before GC invocations=87 (full 8):
 PSYoungGen      total 250880K, used 250858K [0x00000000d7100000, 0x00000000f4080000, 0x0000000100000000)
  eden space 27648K, 100% used [0x00000000d7100000,0x00000000d8c00000,0x00000000d8c00000)
  from space 223232K, 99% used [0x00000000e6600000,0x00000000f3ffaa50,0x00000000f4000000)
  to   space 223232K, 0% used [0x00000000d8c00000,0x00000000d8c00000,0x00000000e6600000)
 ParOldGen       total 829952K, used 587362K [0x0000000085200000, 0x00000000b7c80000, 0x00000000d7100000)
  object space 829952K, 70% used [0x0000000085200000,0x00000000a8f98ae8,0x00000000b7c80000)
 Metaspace       used 8484K, capacity 8692K, committed 8960K, reserved 1056768K
  class space    used 942K, capacity 1004K, committed 1024K, reserved 1048576K
Event: 31.985 GC heap after
Heap after GC invocations=87 (full 8):
 PSYoungGen      total 250880K, used 223216K [0x00000000d7100000, 0x00000000f4480000, 0x0000000100000000)
  eden space 27648K, 0% used [0x00000000d7100000,0x00000000d7100000,0x00000000d8c00000)
  from space 223232K, 99% used [0x00000000d8c00000,0x00000000e65fc000,0x00000000e6600000)
  to   space 223232K, 0% used [0x00000000e6a80000,0x00000000e6a80000,0x00000000f4480000)
 ParOldGen       total 829952K, used 612986K [0x0000000085200000, 0x00000000b7c80000, 0x00000000d7100000)
  object space 829952K, 73% used [0x0000000085200000,0x00000000aa89eae8,0x00000000b7c80000)
 Metaspace       used 8484K, capacity 8692K, committed 8960K, reserved 1056768K
  class space    used 942K, capacity 1004K, committed 1024K, reserved 1048576K
}
Event: 31.998 GC heap before
{Heap before GC invocations=88 (full 8):
 PSYoungGen      total 250880K, used 250864K [0x00000000d7100000, 0x00000000f4480000, 0x0000000100000000)
  eden space 27648K, 100% used [0x00000000d7100000,0x00000000d8c00000,0x00000000d8c00000)
  from space 223232K, 99% used [0x00000000d8c00000,0x00000000e65fc000,0x00000000e6600000)
  to   space 223232K, 0% used [0x00000000e6a80000,0x00000000e6a80000,0x00000000f4480000)
 ParOldGen       total 829952K, used 612986K [0x0000000085200000, 0x00000000b7c80000, 0x00000000d7100000)
  object space 829952K, 73% used [0x0000000085200000,0x00000000aa89eae8,0x00000000b7c80000)
 Metaspace       used 8484K, capacity 8692K, committed 8960K, reserved 1056768K
  class space    used 942K, capacity 1004K, committed 1024K, reserved 1048576K
Event: 32.091 GC heap after
Heap after GC invocations=88 (full 8):
 PSYoungGen      total 255488K, used 201632K [0x00000000d7100000, 0x00000000f4480000, 0x0000000100000000)
  eden space 32256K, 0% used [0x00000000d7100000,0x00000000d7100000,0x00000000d9080000)
  from space 223232K, 90% used [0x00000000e6a80000,0x00000000f2f681f0,0x00000000f4480000)
  to   space 223232K, 0% used [0x00000000d9080000,0x00000000d9080000,0x00000000e6a80000)
 ParOldGen       total 829952K, used 660246K [0x0000000085200000, 0x00000000b7c80000, 0x00000000d7100000)
  object space 829952K, 79% used [0x0000000085200000,0x00000000ad6c5a18,0x00000000b7c80000)
 Metaspace       used 8484K, capacity 8692K, committed 8960K, reserved 1056768K
  class space    used 942K, capacity 1004K, committed 1024K, reserved 1048576K
}
Event: 32.107 GC heap before
{Heap before GC invocations=89 (full 8):
 PSYoungGen      total 255488K, used 233441K [0x00000000d7100000, 0x00000000f4480000, 0x0000000100000000)
  eden space 32256K, 98% used [0x00000000d7100000,0x00000000d9010428,0x00000000d9080000)
  from space 223232K, 90% used [0x00000000e6a80000,0x00000000f2f681f0,0x00000000f4480000)
  to   space 223232K, 0% used [0x00000000d9080000,0x00000000d9080000,0x00000000e6a80000)
 ParOldGen       total 829952K, used 660246K [0x0000000085200000, 0x00000000b7c80000, 0x00000000d7100000)
  object space 829952K, 79% used [0x0000000085200000,0x00000000ad6c5a18,0x00000000b7c80000)
 Metaspace       used 8484K, capacity 8692K, committed 8960K, reserved 1056768K
  class space    used 942K, capacity 1004K, committed 1024K, reserved 1048576K
Event: 32.187 GC heap after
Heap after GC invocations=89 (full 8):
 PSYoungGen      total 255488K, used 146041K [0x00000000d7100000, 0x00000000f4a00000, 0x0000000100000000)
  eden space 32256K, 0% used [0x00000000d7100000,0x00000000d7100000,0x00000000d9080000)
  from space 223232K, 65% used [0x00000000d9080000,0x00000000e1f1e7c0,0x00000000e6a80000)
  to   space 223232K, 0% used [0x00000000e7000000,0x00000000e7000000,0x00000000f4a00000)
 ParOldGen       total 829952K, used 745361K [0x0000000085200000, 0x00000000b7c80000, 0x00000000d7100000)
  object space 829952K, 89% used [0x0000000085200000,0x00000000b29e47a8,0x00000000b7c80000)
 Metaspace       used 8484K, capacity 8692K, committed 8960K, reserved 1056768K
  class space    used 942K, capacity 1004K, committed 1024K, reserved 1048576K
}
Event: 32.187 GC heap before
{Heap before GC invocations=90 (full 9):
 PSYoungGen      total 255488K, used 146041K [0x00000000d7100000, 0x00000000f4a00000, 0x0000000100000000)
  eden space 32256K, 0% used [0x00000000d7100000,0x00000000d7100000,0x00000000d9080000)
  from space 223232K, 65% used [0x00000000d9080000,0x00000000e1f1e7c0,0x00000000e6a80000)
  to   space 223232K, 0% used [0x00000000e7000000,0x00000000e7000000,0x00000000f4a00000)
 ParOldGen       total 829952K, used 745361K [0x0000000085200000, 0x00000000b7c80000, 0x00000000d7100000)
  object space 829952K, 89% used [0x0000000085200000,0x00000000b29e47a8,0x00000000b7c80000)
 Metaspace       used 8484K, capacity 8692K, committed 8960K, reserved 1056768K
  class space    used 942K, capacity 1004K, committed 1024K, reserved 1048576K

