# JRE version: OpenJDK Runtime Environment (8.0_92-b14) (build 1.8.0_92-b14)
# Java VM: OpenJDK 64-Bit Server VM (25.92-b14 mixed mode linux-amd64 compressed oops)
Heap:
 PSYoungGen      total 388096K, used 223232K [0x00000000d7100000, 0x00000000fe580000, 0x0000000100000000)
  eden space 164864K, 0% used [0x00000000d7100000,0x00000000d7100000,0x00000000e1200000)
  from space 223232K, 100% used [0x00000000e1200000,0x00000000eec00000,0x00000000eec00000)
  to   space 223232K, 0% used [0x00000000f0b80000,0x00000000f0b80000,0x00000000fe580000)
 ParOldGen       total 692736K, used 595345K [0x0000000085200000, 0x00000000af680000, 0x00000000d7100000)
  object space 692736K, 85% used [0x0000000085200000,0x00000000a97647e8,0x00000000af680000)
 Metaspace       used 3733K, capacity 4604K, committed 4864K, reserved 1056768K
  class space    used 421K, capacity 428K, committed 512K, reserved 1048576K
GC Heap History (10 events):
Event: 4.650 GC heap after
Heap after GC invocations=11 (full 3):
 PSYoungGen      total 266240K, used 140288K [0x00000000d7100000, 0x00000000f7d80000, 0x0000000100000000)
  eden space 125952K, 0% used [0x00000000d7100000,0x00000000d7100000,0x00000000dec00000)
  from space 140288K, 100% used [0x00000000e9d80000,0x00000000f2680000,0x00000000f2680000)
  to   space 181760K, 0% used [0x00000000dec00000,0x00000000dec00000,0x00000000e9d80000)
 ParOldGen       total 432640K, used 351612K [0x0000000085200000, 0x000000009f880000, 0x00000000d7100000)
  object space 432640K, 81% used [0x0000000085200000,0x000000009a95f3f0,0x000000009f880000)
 Metaspace       used 3733K, capacity 4604K, committed 4864K, reserved 1056768K
  class space    used 421K, capacity 428K, committed 512K, reserved 1048576K
}
Event: 4.802 GC heap before
{Heap before GC invocations=12 (full 3):
 PSYoungGen      total 266240K, used 266240K [0x00000000d7100000, 0x00000000f7d80000, 0x0000000100000000)
  eden space 125952K, 100% used [0x00000000d7100000,0x00000000dec00000,0x00000000dec00000)
  from space 140288K, 100% used [0x00000000e9d80000,0x00000000f2680000,0x00000000f2680000)
  to   space 181760K, 0% used [0x00000000dec00000,0x00000000dec00000,0x00000000e9d80000)
 ParOldGen       total 432640K, used 351612K [0x0000000085200000, 0x000000009f880000, 0x00000000d7100000)
  object space 432640K, 81% used [0x0000000085200000,0x000000009a95f3f0,0x000000009f880000)
 Metaspace       used 3733K, capacity 4604K, committed 4864K, reserved 1056768K
  class space    used 421K, capacity 428K, committed 512K, reserved 1048576K
Event: 5.016 GC heap after
Heap after GC invocations=12 (full 3):
 PSYoungGen      total 307712K, used 181760K [0x00000000d7100000, 0x00000000fc600000, 0x0000000100000000)
  eden space 125952K, 0% used [0x00000000d7100000,0x00000000d7100000,0x00000000dec00000)
  from space 181760K, 100% used [0x00000000dec00000,0x00000000e9d80000,0x00000000e9d80000)
  to   space 223232K, 0% used [0x00000000eec00000,0x00000000eec00000,0x00000000fc600000)
 ParOldGen       total 432640K, used 411156K [0x0000000085200000, 0x000000009f880000, 0x00000000d7100000)
  object space 432640K, 95% used [0x0000000085200000,0x000000009e3853f0,0x000000009f880000)
 Metaspace       used 3733K, capacity 4604K, committed 4864K, reserved 1056768K
  class space    used 421K, capacity 428K, committed 512K, reserved 1048576K
}
Event: 5.016 GC heap before
{Heap before GC invocations=13 (full 4):
 PSYoungGen      total 307712K, used 181760K [0x00000000d7100000, 0x00000000fc600000, 0x0000000100000000)
  eden space 125952K, 0% used [0x00000000d7100000,0x00000000d7100000,0x00000000dec00000)
  from space 181760K, 100% used [0x00000000dec00000,0x00000000e9d80000,0x00000000e9d80000)
  to   space 223232K, 0% used [0x00000000eec00000,0x00000000eec00000,0x00000000fc600000)
 ParOldGen       total 432640K, used 411156K [0x0000000085200000, 0x000000009f880000, 0x00000000d7100000)
  object space 432640K, 95% used [0x0000000085200000,0x000000009e3853f0,0x000000009f880000)
 Metaspace       used 3733K, capacity 4604K, committed 4864K, reserved 1056768K
  class space    used 421K, capacity 428K, committed 512K, reserved 1048576K
Event: 8.924 GC heap after
Heap after GC invocations=13 (full 4):
 PSYoungGen      total 307712K, used 159594K [0x00000000d7100000, 0x00000000fc600000, 0x0000000100000000)
  eden space 125952K, 0% used [0x00000000d7100000,0x00000000d7100000,0x00000000dec00000)
  from space 181760K, 87% used [0x00000000dec00000,0x00000000e87daae8,0x00000000e9d80000)
  to   space 223232K, 0% used [0x00000000eec00000,0x00000000eec00000,0x00000000fc600000)
 ParOldGen       total 692736K, used 432433K [0x0000000085200000, 0x00000000af680000, 0x00000000d7100000)
  object space 692736K, 62% used [0x0000000085200000,0x000000009f84c7e8,0x00000000af680000)
 Metaspace       used 3733K, capacity 4604K, committed 4864K, reserved 1056768K
  class space    used 421K, capacity 428K, committed 512K, reserved 1048576K
}
Event: 9.069 GC heap before
{Heap before GC invocations=14 (full 4):
 PSYoungGen      total 307712K, used 285546K [0x00000000d7100000, 0x00000000fc600000, 0x0000000100000000)
  eden space 125952K, 100% used [0x00000000d7100000,0x00000000dec00000,0x00000000dec00000)
  from space 181760K, 87% used [0x00000000dec00000,0x00000000e87daae8,0x00000000e9d80000)
  to   space 223232K, 0% used [0x00000000eec00000,0x00000000eec00000,0x00000000fc600000)
 ParOldGen       total 692736K, used 432433K [0x0000000085200000, 0x00000000af680000, 0x00000000d7100000)
  object space 692736K, 62% used [0x0000000085200000,0x000000009f84c7e8,0x00000000af680000)
 Metaspace       used 3733K, capacity 4604K, committed 4864K, reserved 1056768K
  class space    used 421K, capacity 428K, committed 512K, reserved 1048576K
Event: 9.303 GC heap after
Heap after GC invocations=14 (full 4):
 PSYoungGen      total 379392K, used 223232K [0x00000000d7100000, 0x00000000fc600000, 0x0000000100000000)
  eden space 156160K, 0% used [0x00000000d7100000,0x00000000d7100000,0x00000000e0980000)
  from space 223232K, 100% used [0x00000000eec00000,0x00000000fc600000,0x00000000fc600000)
  to   space 223232K, 0% used [0x00000000e1200000,0x00000000e1200000,0x00000000eec00000)
 ParOldGen       total 692736K, used 469937K [0x0000000085200000, 0x00000000af680000, 0x00000000d7100000)
  object space 692736K, 67% used [0x0000000085200000,0x00000000a1cec7e8,0x00000000af680000)
 Metaspace       used 3733K, capacity 4604K, committed 4864K, reserved 1056768K
  class space    used 421K, capacity 428K, committed 512K, reserved 1048576K
}
Event: 9.522 GC heap before
{Heap before GC invocations=15 (full 4):
 PSYoungGen      total 379392K, used 379392K [0x00000000d7100000, 0x00000000fc600000, 0x0000000100000000)
  eden space 156160K, 100% used [0x00000000d7100000,0x00000000e0980000,0x00000000e0980000)
  from space 223232K, 100% used [0x00000000eec00000,0x00000000fc600000,0x00000000fc600000)
  to   space 223232K, 0% used [0x00000000e1200000,0x00000000e1200000,0x00000000eec00000)
 ParOldGen       total 692736K, used 469937K [0x0000000085200000, 0x00000000af680000, 0x00000000d7100000)
  object space 692736K, 67% used [0x0000000085200000,0x00000000a1cec7e8,0x00000000af680000)
 Metaspace       used 3733K, capacity 4604K, committed 4864K, reserved 1056768K
  class space    used 421K, capacity 428K, committed 512K, reserved 1048576K
Event: 9.787 GC heap after
Heap after GC invocations=15 (full 4):
 PSYoungGen      total 388096K, used 223232K [0x00000000d7100000, 0x00000000fe580000, 0x0000000100000000)
  eden space 164864K, 0% used [0x00000000d7100000,0x00000000d7100000,0x00000000e1200000)
  from space 223232K, 100% used [0x00000000e1200000,0x00000000eec00000,0x00000000eec00000)
  to   space 223232K, 0% used [0x00000000f0b80000,0x00000000f0b80000,0x00000000fe580000)
 ParOldGen       total 692736K, used 595345K [0x0000000085200000, 0x00000000af680000, 0x00000000d7100000)
  object space 692736K, 85% used [0x0000000085200000,0x00000000a97647e8,0x00000000af680000)
 Metaspace       used 3733K, capacity 4604K, committed 4864K, reserved 1056768K
  class space    used 421K, capacity 428K, committed 512K, reserved 1048576K
}
Event: 9.787 GC heap before
{Heap before GC invocations=16 (full 5):
 PSYoungGen      total 388096K, used 223232K [0x00000000d7100000, 0x00000000fe580000, 0x0000000100000000)
  eden space 164864K, 0% used [0x00000000d7100000,0x00000000d7100000,0x00000000e1200000)
  from space 223232K, 100% used [0x00000000e1200000,0x00000000eec00000,0x00000000eec00000)
  to   space 223232K, 0% used [0x00000000f0b80000,0x00000000f0b80000,0x00000000fe580000)
 ParOldGen       total 692736K, used 595345K [0x0000000085200000, 0x00000000af680000, 0x00000000d7100000)
  object space 692736K, 85% used [0x0000000085200000,0x00000000a97647e8,0x00000000af680000)
 Metaspace       used 3733K, capacity 4604K, committed 4864K, reserved 1056768K
  class space    used 421K, capacity 428K, committed 512K, reserved 1048576K

