# JRE version: OpenJDK Runtime Environment (8.0_92-b14) (build 1.8.0_92-b14)
# Java VM: OpenJDK 64-Bit Server VM (25.92-b14 mixed mode linux-amd64 compressed oops)
Heap:
 PSYoungGen      total 291840K, used 152576K [0x00000000d7100000, 0x00000000fad80000, 0x0000000100000000)
  eden space 139264K, 0% used [0x00000000d7100000,0x00000000d7100000,0x00000000df900000)
  from space 152576K, 100% used [0x00000000df900000,0x00000000e8e00000,0x00000000e8e00000)
  to   space 199168K, 0% used [0x00000000eeb00000,0x00000000eeb00000,0x00000000fad80000)
 ParOldGen       total 435200K, used 384133K [0x0000000085200000, 0x000000009fb00000, 0x00000000d7100000)
  object space 435200K, 88% used [0x0000000085200000,0x000000009c921718,0x000000009fb00000)
 Metaspace       used 3733K, capacity 4604K, committed 4864K, reserved 1056768K
  class space    used 421K, capacity 428K, committed 512K, reserved 1048576K
GC Heap History (10 events):
Event: 3.292 GC heap after
Heap after GC invocations=8 (full 3):
 PSYoungGen      total 93696K, used 0K [0x00000000d7100000, 0x00000000e7b80000, 0x0000000100000000)
  eden space 88576K, 0% used [0x00000000d7100000,0x00000000d7100000,0x00000000dc780000)
  from space 5120K, 0% used [0x00000000dc780000,0x00000000dc780000,0x00000000dcc80000)
  to   space 75776K, 0% used [0x00000000e3180000,0x00000000e3180000,0x00000000e7b80000)
 ParOldGen       total 435200K, used 225045K [0x0000000085200000, 0x000000009fb00000, 0x00000000d7100000)
  object space 435200K, 51% used [0x0000000085200000,0x0000000092dc5718,0x000000009fb00000)
 Metaspace       used 3733K, capacity 4604K, committed 4864K, reserved 1056768K
  class space    used 421K, capacity 428K, committed 512K, reserved 1048576K
}
Event: 3.343 GC heap before
{Heap before GC invocations=9 (full 3):
 PSYoungGen      total 93696K, used 88576K [0x00000000d7100000, 0x00000000e7b80000, 0x0000000100000000)
  eden space 88576K, 100% used [0x00000000d7100000,0x00000000dc780000,0x00000000dc780000)
  from space 5120K, 0% used [0x00000000dc780000,0x00000000dc780000,0x00000000dcc80000)
  to   space 75776K, 0% used [0x00000000e3180000,0x00000000e3180000,0x00000000e7b80000)
 ParOldGen       total 435200K, used 225045K [0x0000000085200000, 0x000000009fb00000, 0x00000000d7100000)
  object space 435200K, 51% used [0x0000000085200000,0x0000000092dc5718,0x000000009fb00000)
 Metaspace       used 3733K, capacity 4604K, committed 4864K, reserved 1056768K
  class space    used 421K, capacity 428K, committed 512K, reserved 1048576K
Event: 3.481 GC heap after
Heap after GC invocations=9 (full 3):
 PSYoungGen      total 195072K, used 59168K [0x00000000d7100000, 0x00000000e7c80000, 0x0000000100000000)
  eden space 119296K, 0% used [0x00000000d7100000,0x00000000d7100000,0x00000000de580000)
  from space 75776K, 78% used [0x00000000e3180000,0x00000000e6b48000,0x00000000e7b80000)
  to   space 77312K, 0% used [0x00000000de580000,0x00000000de580000,0x00000000e3100000)
 ParOldGen       total 435200K, used 225045K [0x0000000085200000, 0x000000009fb00000, 0x00000000d7100000)
  object space 435200K, 51% used [0x0000000085200000,0x0000000092dc5718,0x000000009fb00000)
 Metaspace       used 3733K, capacity 4604K, committed 4864K, reserved 1056768K
  class space    used 421K, capacity 428K, committed 512K, reserved 1048576K
}
Event: 3.550 GC heap before
{Heap before GC invocations=10 (full 3):
 PSYoungGen      total 195072K, used 178464K [0x00000000d7100000, 0x00000000e7c80000, 0x0000000100000000)
  eden space 119296K, 100% used [0x00000000d7100000,0x00000000de580000,0x00000000de580000)
  from space 75776K, 78% used [0x00000000e3180000,0x00000000e6b48000,0x00000000e7b80000)
  to   space 77312K, 0% used [0x00000000de580000,0x00000000de580000,0x00000000e3100000)
 ParOldGen       total 435200K, used 225045K [0x0000000085200000, 0x000000009fb00000, 0x00000000d7100000)
  object space 435200K, 51% used [0x0000000085200000,0x0000000092dc5718,0x000000009fb00000)
 Metaspace       used 3733K, capacity 4604K, committed 4864K, reserved 1056768K
  class space    used 421K, capacity 428K, committed 512K, reserved 1048576K
Event: 3.829 GC heap after
Heap after GC invocations=10 (full 3):
 PSYoungGen      total 196608K, used 77312K [0x00000000d7100000, 0x00000000f0100000, 0x0000000100000000)
  eden space 119296K, 0% used [0x00000000d7100000,0x00000000d7100000,0x00000000de580000)
  from space 77312K, 100% used [0x00000000de580000,0x00000000e3100000,0x00000000e3100000)
  to   space 117760K, 0% used [0x00000000e8e00000,0x00000000e8e00000,0x00000000f0100000)
 ParOldGen       total 435200K, used 286597K [0x0000000085200000, 0x000000009fb00000, 0x00000000d7100000)
  object space 435200K, 65% used [0x0000000085200000,0x00000000969e1718,0x000000009fb00000)
 Metaspace       used 3733K, capacity 4604K, committed 4864K, reserved 1056768K
  class space    used 421K, capacity 428K, committed 512K, reserved 1048576K
}
Event: 3.908 GC heap before
{Heap before GC invocations=11 (full 3):
 PSYoungGen      total 196608K, used 196608K [0x00000000d7100000, 0x00000000f0100000, 0x0000000100000000)
  eden space 119296K, 100% used [0x00000000d7100000,0x00000000de580000,0x00000000de580000)
  from space 77312K, 100% used [0x00000000de580000,0x00000000e3100000,0x00000000e3100000)
  to   space 117760K, 0% used [0x00000000e8e00000,0x00000000e8e00000,0x00000000f0100000)
 ParOldGen       total 435200K, used 286597K [0x0000000085200000, 0x000000009fb00000, 0x00000000d7100000)
  object space 435200K, 65% used [0x0000000085200000,0x00000000969e1718,0x000000009fb00000)
 Metaspace       used 3733K, capacity 4604K, committed 4864K, reserved 1056768K
  class space    used 421K, capacity 428K, committed 512K, reserved 1048576K
Event: 4.148 GC heap after
Heap after GC invocations=11 (full 3):
 PSYoungGen      total 257024K, used 117760K [0x00000000d7100000, 0x00000000f4d80000, 0x0000000100000000)
  eden space 139264K, 0% used [0x00000000d7100000,0x00000000d7100000,0x00000000df900000)
  from space 117760K, 100% used [0x00000000e8e00000,0x00000000f0100000,0x00000000f0100000)
  to   space 152576K, 0% used [0x00000000df900000,0x00000000df900000,0x00000000e8e00000)
 ParOldGen       total 435200K, used 325861K [0x0000000085200000, 0x000000009fb00000, 0x00000000d7100000)
  object space 435200K, 74% used [0x0000000085200000,0x0000000099039718,0x000000009fb00000)
 Metaspace       used 3733K, capacity 4604K, committed 4864K, reserved 1056768K
  class space    used 421K, capacity 428K, committed 512K, reserved 1048576K
}
Event: 4.254 GC heap before
{Heap before GC invocations=12 (full 3):
 PSYoungGen      total 257024K, used 257024K [0x00000000d7100000, 0x00000000f4d80000, 0x0000000100000000)
  eden space 139264K, 100% used [0x00000000d7100000,0x00000000df900000,0x00000000df900000)
  from space 117760K, 100% used [0x00000000e8e00000,0x00000000f0100000,0x00000000f0100000)
  to   space 152576K, 0% used [0x00000000df900000,0x00000000df900000,0x00000000e8e00000)
 ParOldGen       total 435200K, used 325861K [0x0000000085200000, 0x000000009fb00000, 0x00000000d7100000)
  object space 435200K, 74% used [0x0000000085200000,0x0000000099039718,0x000000009fb00000)
 Metaspace       used 3733K, capacity 4604K, committed 4864K, reserved 1056768K
  class space    used 421K, capacity 428K, committed 512K, reserved 1048576K
Event: 4.522 GC heap after
Heap after GC invocations=12 (full 3):
 PSYoungGen      total 291840K, used 152576K [0x00000000d7100000, 0x00000000fad80000, 0x0000000100000000)
  eden space 139264K, 0% used [0x00000000d7100000,0x00000000d7100000,0x00000000df900000)
  from space 152576K, 100% used [0x00000000df900000,0x00000000e8e00000,0x00000000e8e00000)
  to   space 199168K, 0% used [0x00000000eeb00000,0x00000000eeb00000,0x00000000fad80000)
 ParOldGen       total 435200K, used 384133K [0x0000000085200000, 0x000000009fb00000, 0x00000000d7100000)
  object space 435200K, 88% used [0x0000000085200000,0x000000009c921718,0x000000009fb00000)
 Metaspace       used 3733K, capacity 4604K, committed 4864K, reserved 1056768K
  class space    used 421K, capacity 428K, committed 512K, reserved 1048576K
}
Event: 4.522 GC heap before
{Heap before GC invocations=13 (full 4):
 PSYoungGen      total 291840K, used 152576K [0x00000000d7100000, 0x00000000fad80000, 0x0000000100000000)
  eden space 139264K, 0% used [0x00000000d7100000,0x00000000d7100000,0x00000000df900000)
  from space 152576K, 100% used [0x00000000df900000,0x00000000e8e00000,0x00000000e8e00000)
  to   space 199168K, 0% used [0x00000000eeb00000,0x00000000eeb00000,0x00000000fad80000)
 ParOldGen       total 435200K, used 384133K [0x0000000085200000, 0x000000009fb00000, 0x00000000d7100000)
  object space 435200K, 88% used [0x0000000085200000,0x000000009c921718,0x000000009fb00000)
 Metaspace       used 3733K, capacity 4604K, committed 4864K, reserved 1056768K
  class space    used 421K, capacity 428K, committed 512K, reserved 1048576K

