# JRE version: OpenJDK Runtime Environment (8.0_92-b14) (build 1.8.0_92-b14)
# Java VM: OpenJDK 64-Bit Server VM (25.92-b14 mixed mode linux-amd64 compressed oops)
Heap:
 PSYoungGen      total 38400K, used 23040K [0x00000000d7100000, 0x00000000e1900000, 0x0000000100000000)
  eden space 23040K, 100% used [0x00000000d7100000,0x00000000d8780000,0x00000000d8780000)
  from space 15360K, 0% used [0x00000000d8780000,0x00000000d8780000,0x00000000d9680000)
  to   space 72704K, 0% used [0x00000000dd200000,0x00000000dd200000,0x00000000e1900000)
 ParOldGen       total 1342464K, used 1342386K [0x0000000085200000, 0x00000000d7100000, 0x00000000d7100000)
  object space 1342464K, 99% used [0x0000000085200000,0x00000000d70ecaf8,0x00000000d7100000)
 Metaspace       used 8349K, capacity 8516K, committed 8704K, reserved 1056768K
  class space    used 926K, capacity 982K, committed 1024K, reserved 1048576K
GC Heap History (10 events):
Event: 196.444 GC heap after
Heap after GC invocations=327 (full 214):
 PSYoungGen      total 38400K, used 23040K [0x00000000d7100000, 0x00000000e1900000, 0x0000000100000000)
  eden space 23040K, 100% used [0x00000000d7100000,0x00000000d8780000,0x00000000d8780000)
  from space 15360K, 0% used [0x00000000d8780000,0x00000000d8780000,0x00000000d9680000)
  to   space 72704K, 0% used [0x00000000dd200000,0x00000000dd200000,0x00000000e1900000)
 ParOldGen       total 1342464K, used 1342375K [0x0000000085200000, 0x00000000d7100000, 0x00000000d7100000)
  object space 1342464K, 99% used [0x0000000085200000,0x00000000d70e9ca8,0x00000000d7100000)
 Metaspace       used 8349K, capacity 8516K, committed 8704K, reserved 1056768K
  class space    used 926K, capacity 982K, committed 1024K, reserved 1048576K
}
Event: 196.444 GC heap before
{Heap before GC invocations=328 (full 215):
 PSYoungGen      total 38400K, used 23040K [0x00000000d7100000, 0x00000000e1900000, 0x0000000100000000)
  eden space 23040K, 100% used [0x00000000d7100000,0x00000000d8780000,0x00000000d8780000)
  from space 15360K, 0% used [0x00000000d8780000,0x00000000d8780000,0x00000000d9680000)
  to   space 72704K, 0% used [0x00000000dd200000,0x00000000dd200000,0x00000000e1900000)
 ParOldGen       total 1342464K, used 1342377K [0x0000000085200000, 0x00000000d7100000, 0x00000000d7100000)
  object space 1342464K, 99% used [0x0000000085200000,0x00000000d70ea608,0x00000000d7100000)
 Metaspace       used 8349K, capacity 8516K, committed 8704K, reserved 1056768K
  class space    used 926K, capacity 982K, committed 1024K, reserved 1048576K
Event: 197.216 GC heap after
Heap after GC invocations=328 (full 215):
 PSYoungGen      total 38400K, used 23040K [0x00000000d7100000, 0x00000000e1900000, 0x0000000100000000)
  eden space 23040K, 100% used [0x00000000d7100000,0x00000000d8780000,0x00000000d8780000)
  from space 15360K, 0% used [0x00000000d8780000,0x00000000d8780000,0x00000000d9680000)
  to   space 72704K, 0% used [0x00000000dd200000,0x00000000dd200000,0x00000000e1900000)
 ParOldGen       total 1342464K, used 1342377K [0x0000000085200000, 0x00000000d7100000, 0x00000000d7100000)
  object space 1342464K, 99% used [0x0000000085200000,0x00000000d70ea5e0,0x00000000d7100000)
 Metaspace       used 8349K, capacity 8516K, committed 8704K, reserved 1056768K
  class space    used 926K, capacity 982K, committed 1024K, reserved 1048576K
}
Event: 197.216 GC heap before
{Heap before GC invocations=329 (full 216):
 PSYoungGen      total 38400K, used 23040K [0x00000000d7100000, 0x00000000e1900000, 0x0000000100000000)
  eden space 23040K, 100% used [0x00000000d7100000,0x00000000d8780000,0x00000000d8780000)
  from space 15360K, 0% used [0x00000000d8780000,0x00000000d8780000,0x00000000d9680000)
  to   space 72704K, 0% used [0x00000000dd200000,0x00000000dd200000,0x00000000e1900000)
 ParOldGen       total 1342464K, used 1342379K [0x0000000085200000, 0x00000000d7100000, 0x00000000d7100000)
  object space 1342464K, 99% used [0x0000000085200000,0x00000000d70eaf28,0x00000000d7100000)
 Metaspace       used 8349K, capacity 8516K, committed 8704K, reserved 1056768K
  class space    used 926K, capacity 982K, committed 1024K, reserved 1048576K
Event: 197.917 GC heap after
Heap after GC invocations=329 (full 216):
 PSYoungGen      total 38400K, used 23040K [0x00000000d7100000, 0x00000000e1900000, 0x0000000100000000)
  eden space 23040K, 100% used [0x00000000d7100000,0x00000000d8780000,0x00000000d8780000)
  from space 15360K, 0% used [0x00000000d8780000,0x00000000d8780000,0x00000000d9680000)
  to   space 72704K, 0% used [0x00000000dd200000,0x00000000dd200000,0x00000000e1900000)
 ParOldGen       total 1342464K, used 1342379K [0x0000000085200000, 0x00000000d7100000, 0x00000000d7100000)
  object space 1342464K, 99% used [0x0000000085200000,0x00000000d70eaf28,0x00000000d7100000)
 Metaspace       used 8349K, capacity 8516K, committed 8704K, reserved 1056768K
  class space    used 926K, capacity 982K, committed 1024K, reserved 1048576K
}
Event: 197.917 GC heap before
{Heap before GC invocations=330 (full 217):
 PSYoungGen      total 38400K, used 23040K [0x00000000d7100000, 0x00000000e1900000, 0x0000000100000000)
  eden space 23040K, 100% used [0x00000000d7100000,0x00000000d8780000,0x00000000d8780000)
  from space 15360K, 0% used [0x00000000d8780000,0x00000000d8780000,0x00000000d9680000)
  to   space 72704K, 0% used [0x00000000dd200000,0x00000000dd200000,0x00000000e1900000)
 ParOldGen       total 1342464K, used 1342382K [0x0000000085200000, 0x00000000d7100000, 0x00000000d7100000)
  object space 1342464K, 99% used [0x0000000085200000,0x00000000d70eb880,0x00000000d7100000)
 Metaspace       used 8349K, capacity 8516K, committed 8704K, reserved 1056768K
  class space    used 926K, capacity 982K, committed 1024K, reserved 1048576K
Event: 198.755 GC heap after
Heap after GC invocations=330 (full 217):
 PSYoungGen      total 38400K, used 23040K [0x00000000d7100000, 0x00000000e1900000, 0x0000000100000000)
  eden space 23040K, 100% used [0x00000000d7100000,0x00000000d8780000,0x00000000d8780000)
  from space 15360K, 0% used [0x00000000d8780000,0x00000000d8780000,0x00000000d9680000)
  to   space 72704K, 0% used [0x00000000dd200000,0x00000000dd200000,0x00000000e1900000)
 ParOldGen       total 1342464K, used 1342382K [0x0000000085200000, 0x00000000d7100000, 0x00000000d7100000)
  object space 1342464K, 99% used [0x0000000085200000,0x00000000d70eb860,0x00000000d7100000)
 Metaspace       used 8349K, capacity 8516K, committed 8704K, reserved 1056768K
  class space    used 926K, capacity 982K, committed 1024K, reserved 1048576K
}
Event: 198.755 GC heap before
{Heap before GC invocations=331 (full 218):
 PSYoungGen      total 38400K, used 23040K [0x00000000d7100000, 0x00000000e1900000, 0x0000000100000000)
  eden space 23040K, 100% used [0x00000000d7100000,0x00000000d8780000,0x00000000d8780000)
  from space 15360K, 0% used [0x00000000d8780000,0x00000000d8780000,0x00000000d9680000)
  to   space 72704K, 0% used [0x00000000dd200000,0x00000000dd200000,0x00000000e1900000)
 ParOldGen       total 1342464K, used 1342384K [0x0000000085200000, 0x00000000d7100000, 0x00000000d7100000)
  object space 1342464K, 99% used [0x0000000085200000,0x00000000d70ec1b0,0x00000000d7100000)
 Metaspace       used 8349K, capacity 8516K, committed 8704K, reserved 1056768K
  class space    used 926K, capacity 982K, committed 1024K, reserved 1048576K
Event: 200.944 GC heap after
Heap after GC invocations=331 (full 218):
 PSYoungGen      total 38400K, used 23040K [0x00000000d7100000, 0x00000000e1900000, 0x0000000100000000)
  eden space 23040K, 100% used [0x00000000d7100000,0x00000000d8780000,0x00000000d8780000)
  from space 15360K, 0% used [0x00000000d8780000,0x00000000d8780000,0x00000000d9680000)
  to   space 72704K, 0% used [0x00000000dd200000,0x00000000dd200000,0x00000000e1900000)
 ParOldGen       total 1342464K, used 1342384K [0x0000000085200000, 0x00000000d7100000, 0x00000000d7100000)
  object space 1342464K, 99% used [0x0000000085200000,0x00000000d70ec180,0x00000000d7100000)
 Metaspace       used 8349K, capacity 8516K, committed 8704K, reserved 1056768K
  class space    used 926K, capacity 982K, committed 1024K, reserved 1048576K
}
Event: 200.944 GC heap before
{Heap before GC invocations=332 (full 219):
 PSYoungGen      total 38400K, used 23040K [0x00000000d7100000, 0x00000000e1900000, 0x0000000100000000)
  eden space 23040K, 100% used [0x00000000d7100000,0x00000000d8780000,0x00000000d8780000)
  from space 15360K, 0% used [0x00000000d8780000,0x00000000d8780000,0x00000000d9680000)
  to   space 72704K, 0% used [0x00000000dd200000,0x00000000dd200000,0x00000000e1900000)
 ParOldGen       total 1342464K, used 1342386K [0x0000000085200000, 0x00000000d7100000, 0x00000000d7100000)
  object space 1342464K, 99% used [0x0000000085200000,0x00000000d70ecaf8,0x00000000d7100000)
 Metaspace       used 8349K, capacity 8516K, committed 8704K, reserved 1056768K
  class space    used 926K, capacity 982K, committed 1024K, reserved 1048576K

